<?xml version="1.0" encoding="UTF-8"?>
<testsuite name="com.shinhan.hack.HackApplicationTests" tests="1" skipped="0" failures="0" errors="0" timestamp="2023-09-16T19:37:19" hostname="DESKTOP-BLHP263" time="0.109">
  <properties/>
  <testcase name="test" classname="com.shinhan.hack.HackApplicationTests" time="0.109"/>
  <system-out><![CDATA[04:37:11.084 [Test worker] DEBUG org.springframework.test.context.BootstrapUtils - Instantiating CacheAwareContextLoaderDelegate from class [org.springframework.test.context.cache.DefaultCacheAwareContextLoaderDelegate]
04:37:11.099 [Test worker] DEBUG org.springframework.test.context.BootstrapUtils - Instantiating BootstrapContext using constructor [public org.springframework.test.context.support.DefaultBootstrapContext(java.lang.Class,org.springframework.test.context.CacheAwareContextLoaderDelegate)]
04:37:11.135 [Test worker] DEBUG org.springframework.test.context.BootstrapUtils - Instantiating TestContextBootstrapper for test class [com.shinhan.hack.HackApplicationTests] from class [org.springframework.boot.test.context.SpringBootTestContextBootstrapper]
04:37:11.147 [Test worker] INFO org.springframework.boot.test.context.SpringBootTestContextBootstrapper - Neither @ContextConfiguration nor @ContextHierarchy found for test class [com.shinhan.hack.HackApplicationTests], using SpringBootContextLoader
04:37:11.152 [Test worker] DEBUG org.springframework.test.context.support.AbstractContextLoader - Did not detect default resource location for test class [com.shinhan.hack.HackApplicationTests]: class path resource [com/shinhan/hack/HackApplicationTests-context.xml] does not exist
04:37:11.152 [Test worker] DEBUG org.springframework.test.context.support.AbstractContextLoader - Did not detect default resource location for test class [com.shinhan.hack.HackApplicationTests]: class path resource [com/shinhan/hack/HackApplicationTestsContext.groovy] does not exist
04:37:11.152 [Test worker] INFO org.springframework.test.context.support.AbstractContextLoader - Could not detect default resource locations for test class [com.shinhan.hack.HackApplicationTests]: no resource found for suffixes {-context.xml, Context.groovy}.
04:37:11.153 [Test worker] INFO org.springframework.test.context.support.AnnotationConfigContextLoaderUtils - Could not detect default configuration classes for test class [com.shinhan.hack.HackApplicationTests]: HackApplicationTests does not declare any static, non-private, non-final, nested classes annotated with @Configuration.
04:37:11.207 [Test worker] DEBUG org.springframework.test.context.support.ActiveProfilesUtils - Could not find an 'annotation declaring class' for annotation type [org.springframework.test.context.ActiveProfiles] and class [com.shinhan.hack.HackApplicationTests]
04:37:11.294 [Test worker] DEBUG org.springframework.context.annotation.ClassPathScanningCandidateComponentProvider - Identified candidate component class: file [C:\Users\SSAFY\Desktop\SSHH\back\hack\build\classes\java\main\com\shinhan\hack\HackApplication.class]
04:37:11.296 [Test worker] INFO org.springframework.boot.test.context.SpringBootTestContextBootstrapper - Found @SpringBootConfiguration com.shinhan.hack.HackApplication for test class com.shinhan.hack.HackApplicationTests
04:37:11.433 [Test worker] DEBUG org.springframework.boot.test.context.SpringBootTestContextBootstrapper - @TestExecutionListeners is not present for class [com.shinhan.hack.HackApplicationTests]: using defaults.
04:37:11.434 [Test worker] INFO org.springframework.boot.test.context.SpringBootTestContextBootstrapper - Loaded default TestExecutionListener class names from location [META-INF/spring.factories]: [org.springframework.boot.test.autoconfigure.restdocs.RestDocsTestExecutionListener, org.springframework.boot.test.autoconfigure.web.client.MockRestServiceServerResetTestExecutionListener, org.springframework.boot.test.autoconfigure.web.servlet.MockMvcPrintOnlyOnFailureTestExecutionListener, org.springframework.boot.test.autoconfigure.web.servlet.WebDriverTestExecutionListener, org.springframework.boot.test.autoconfigure.webservices.client.MockWebServiceServerTestExecutionListener, org.springframework.boot.test.mock.mockito.MockitoTestExecutionListener, org.springframework.boot.test.mock.mockito.ResetMocksTestExecutionListener, org.springframework.test.context.web.ServletTestExecutionListener, org.springframework.test.context.support.DirtiesContextBeforeModesTestExecutionListener, org.springframework.test.context.event.ApplicationEventsTestExecutionListener, org.springframework.test.context.support.DependencyInjectionTestExecutionListener, org.springframework.test.context.support.DirtiesContextTestExecutionListener, org.springframework.test.context.transaction.TransactionalTestExecutionListener, org.springframework.test.context.jdbc.SqlScriptsTestExecutionListener, org.springframework.test.context.event.EventPublishingTestExecutionListener]
04:37:11.455 [Test worker] INFO org.springframework.boot.test.context.SpringBootTestContextBootstrapper - Using TestExecutionListeners: [org.springframework.test.context.web.ServletTestExecutionListener@6df20ade, org.springframework.test.context.support.DirtiesContextBeforeModesTestExecutionListener@4fbb001b, org.springframework.test.context.event.ApplicationEventsTestExecutionListener@4010d494, org.springframework.boot.test.mock.mockito.MockitoTestExecutionListener@341a8659, org.springframework.boot.test.autoconfigure.SpringBootDependencyInjectionTestExecutionListener@4943defe, org.springframework.test.context.support.DirtiesContextTestExecutionListener@5eefa415, org.springframework.test.context.transaction.TransactionalTestExecutionListener@181d7f28, org.springframework.test.context.jdbc.SqlScriptsTestExecutionListener@78d50a3c, org.springframework.test.context.event.EventPublishingTestExecutionListener@2fb69ff6, org.springframework.boot.test.autoconfigure.restdocs.RestDocsTestExecutionListener@cda4919, org.springframework.boot.test.autoconfigure.web.client.MockRestServiceServerResetTestExecutionListener@7f4d9395, org.springframework.boot.test.autoconfigure.web.servlet.MockMvcPrintOnlyOnFailureTestExecutionListener@2f19f2aa, org.springframework.boot.test.autoconfigure.web.servlet.WebDriverTestExecutionListener@344b8190, org.springframework.boot.test.autoconfigure.webservices.client.MockWebServiceServerTestExecutionListener@6a078481, org.springframework.boot.test.mock.mockito.ResetMocksTestExecutionListener@79c5636f]
04:37:11.459 [Test worker] DEBUG org.springframework.test.context.support.AbstractDirtiesContextTestExecutionListener - Before test class: context [DefaultTestContext@7da10b5b testClass = HackApplicationTests, testInstance = [null], testMethod = [null], testException = [null], mergedContextConfiguration = [WebMergedContextConfiguration@219f4597 testClass = HackApplicationTests, locations = '{}', classes = '{class com.shinhan.hack.HackApplication}', contextInitializerClasses = '[]', activeProfiles = '{}', propertySourceLocations = '{}', propertySourceProperties = '{org.springframework.boot.test.context.SpringBootTestContextBootstrapper=true}', contextCustomizers = set[org.springframework.boot.test.autoconfigure.actuate.metrics.MetricsExportContextCustomizerFactory$DisableMetricExportContextCustomizer@3f1c5af9, org.springframework.boot.test.autoconfigure.properties.PropertyMappingContextCustomizer@0, org.springframework.boot.test.autoconfigure.web.servlet.WebDriverContextCustomizerFactory$Customizer@44e3760b, org.springframework.boot.test.context.filter.ExcludeFilterContextCustomizer@1ddae9b5, org.springframework.boot.test.json.DuplicateJsonObjectContextCustomizerFactory$DuplicateJsonObjectContextCustomizer@2c7d121c, org.springframework.boot.test.mock.mockito.MockitoContextCustomizer@0, org.springframework.boot.test.web.client.TestRestTemplateContextCustomizer@1cd201a8, org.springframework.boot.test.web.reactive.server.WebTestClientContextCustomizer@19fe4644, org.springframework.boot.test.context.SpringBootTestArgs@1, org.springframework.boot.test.context.SpringBootTestWebEnvironment@3e6f3f28], resourceBasePath = 'src/main/webapp', contextLoader = 'org.springframework.boot.test.context.SpringBootContextLoader', parent = [null]], attributes = map['org.springframework.test.context.web.ServletTestExecutionListener.activateListener' -> true]], class annotated with @DirtiesContext [false] with mode [null].

  .   ____          _            __ _ _
 /\\ / ___'_ __ _ _(_)_ __  __ _ \ \ \ \
( ( )\___ | '_ | '_| | '_ \/ _` | \ \ \ \
 \\/  ___)| |_)| | | | | || (_| |  ) ) ) )
  '  |____| .__|_| |_|_| |_\__, | / / / /
 =========|_|==============|___/=/_/_/_/
 :: Spring Boot ::               (v2.7.15)

2023-09-17 04:37:11.830  INFO 15724 --- [    Test worker] com.shinhan.hack.HackApplicationTests    : Starting HackApplicationTests using Java 11.0.0.1 on DESKTOP-BLHP263 with PID 15724 (started by SSAFY in C:\Users\SSAFY\Desktop\SSHH\back\hack)
2023-09-17 04:37:11.832  INFO 15724 --- [    Test worker] com.shinhan.hack.HackApplicationTests    : No active profile set, falling back to 1 default profile: "default"
2023-09-17 04:37:12.800  INFO 15724 --- [    Test worker] .s.d.r.c.RepositoryConfigurationDelegate : Bootstrapping Spring Data JPA repositories in DEFAULT mode.
2023-09-17 04:37:13.086  INFO 15724 --- [    Test worker] .s.d.r.c.RepositoryConfigurationDelegate : Finished Spring Data repository scanning in 274 ms. Found 7 JPA repository interfaces.
2023-09-17 04:37:13.785  INFO 15724 --- [    Test worker] o.hibernate.jpa.internal.util.LogHelper  : HHH000204: Processing PersistenceUnitInfo [name: default]
2023-09-17 04:37:13.857  INFO 15724 --- [    Test worker] org.hibernate.Version                    : HHH000412: Hibernate ORM core version 5.6.15.Final
2023-09-17 04:37:14.084  INFO 15724 --- [    Test worker] o.hibernate.annotations.common.Version   : HCANN000001: Hibernate Commons Annotations {5.1.2.Final}
2023-09-17 04:37:14.236  INFO 15724 --- [    Test worker] com.zaxxer.hikari.HikariDataSource       : HikariPool-1 - Starting...
2023-09-17 04:37:14.538  INFO 15724 --- [    Test worker] com.zaxxer.hikari.HikariDataSource       : HikariPool-1 - Start completed.
2023-09-17 04:37:14.555  INFO 15724 --- [    Test worker] org.hibernate.dialect.Dialect            : HHH000400: Using dialect: org.hibernate.dialect.MySQL57Dialect
2023-09-17 04:37:15.613  INFO 15724 --- [    Test worker] o.h.e.t.j.p.i.JtaPlatformInitiator       : HHH000490: Using JtaPlatform implementation: [org.hibernate.engine.transaction.jta.platform.internal.NoJtaPlatform]
2023-09-17 04:37:15.624  INFO 15724 --- [    Test worker] j.LocalContainerEntityManagerFactoryBean : Initialized JPA EntityManagerFactory for persistence unit 'default'
2023-09-17 04:37:17.012  WARN 15724 --- [    Test worker] JpaBaseConfiguration$JpaWebConfiguration : spring.jpa.open-in-view is enabled by default. Therefore, database queries may be performed during view rendering. Explicitly configure spring.jpa.open-in-view to disable this warning
2023-09-17 04:37:17.877  INFO 15724 --- [    Test worker] com.shinhan.hack.HackApplicationTests    : Started HackApplicationTests in 6.381 seconds (JVM running for 8.903)
12.17~03.17
김밥천국
firstDocument = 음식점 > 분식
firstDocument = 서울 광진구 화양동 11-30
firstDocument = 37.5429699694523
firstDocument = 127.070707976361
classification = 음식
전세보증금
스타벅스
firstDocument = 음식점 > 카페 > 커피전문점 > 스타벅스
firstDocument = 서울 광진구 화양동 5-45
firstDocument = 37.5415948126772
firstDocument = 127.071093658871
classification = 카페
티머니
12.17~03.17
김밥천국
firstDocument = 음식점 > 분식
firstDocument = 서울 광진구 화양동 11-30
firstDocument = 37.5429699694523
firstDocument = 127.070707976361
classification = 음식
전세보증금
스타벅스
firstDocument = 음식점 > 카페 > 커피전문점 > 스타벅스
firstDocument = 서울 광진구 화양동 5-45
firstDocument = 37.5415948126772
firstDocument = 127.071093658871
classification = 카페
티머니
12.17~03.17
김밥천국
firstDocument = 음식점 > 분식
firstDocument = 서울 광진구 화양동 11-30
firstDocument = 37.5429699694523
firstDocument = 127.070707976361
classification = 음식
전세보증금
스타벅스
firstDocument = 음식점 > 카페 > 커피전문점 > 스타벅스
firstDocument = 서울 광진구 화양동 5-45
firstDocument = 37.5415948126772
firstDocument = 127.071093658871
classification = 카페
티머니
12.17~03.17
김밥천국
firstDocument = 음식점 > 분식
firstDocument = 서울 광진구 화양동 11-30
firstDocument = 37.5429699694523
firstDocument = 127.070707976361
classification = 음식
전세보증금
스타벅스
firstDocument = 음식점 > 카페 > 커피전문점 > 스타벅스
firstDocument = 서울 광진구 화양동 5-45
firstDocument = 37.5415948126772
firstDocument = 127.071093658871
classification = 카페
티머니
12.17~03.17
김밥천국
firstDocument = 음식점 > 분식
firstDocument = 서울 광진구 화양동 11-30
firstDocument = 37.5429699694523
firstDocument = 127.070707976361
classification = 음식
전세보증금
스타벅스
firstDocument = 음식점 > 카페 > 커피전문점 > 스타벅스
firstDocument = 서울 광진구 화양동 5-45
firstDocument = 37.5415948126772
firstDocument = 127.071093658871
classification = 카페
티머니
test
]]></system-out>
  <system-err><![CDATA[]]></system-err>
</testsuite>
